Annotated specifications/markdown/afp-goca-reference-03/Appendix_A.md (GOCA-A): 177 requirements.
Annotated specifications/markdown/afp-goca-reference-03/Appendix_B.md (GOCA-B): 23 requirements.
Annotated specifications/markdown/afp-goca-reference-03/Appendix_C.md (GOCA-C): 46 requirements.
Annotated specifications/markdown/afp-goca-reference-03/Appendix_D.md (GOCA-D): 68 requirements.
Annotated specifications/markdown/afp-goca-reference-03/Chapter_1.md (GOCA-1): 63 requirements.
Annotated specifications/markdown/afp-goca-reference-03/Chapter_2.md (GOCA-2): 15 requirements.
Annotated specifications/markdown/afp-goca-reference-03/Chapter_3.md (GOCA-3): 145 requirements.
Annotated specifications/markdown/afp-goca-reference-03/Chapter_4.md (GOCA-4): 340 requirements.
Annotated specifications/markdown/afp-goca-reference-03/Chapter_5.md (GOCA-5): 59 requirements.
Annotated specifications/markdown/afp-goca-reference-03/Chapter_6.md (GOCA-6): 96 requirements.
Annotated specifications/markdown/afp-goca-reference-03/Chapter_7.md (GOCA-7): 1025 requirements.
Annotated specifications/markdown/afp-goca-reference-03/Chapter_8.md (GOCA-8): 26 requirements.
Annotated specifications/markdown/afp-goca-reference-03/Chapter_9.md (GOCA-9): 62 requirements.
Annotated specifications/markdown/afp-goca-reference-03/Front_Matter.md (GOCA-FM): 193 requirements.
Annotated specifications/markdown/bcoca-reference-11/Appendix_A.md (BCOCA-A): 32 requirements.
Annotated specifications/markdown/bcoca-reference-11/Appendix_B.md (BCOCA-B): 17 requirements.
Annotated specifications/markdown/bcoca-reference-11/Appendix_C.md (BCOCA-C): 101 requirements.
Annotated specifications/markdown/bcoca-reference-11/Appendix_D.md (BCOCA-D): 105 requirements.
Annotated specifications/markdown/bcoca-reference-11/Chapter_1.md (BCOCA-1): 12 requirements.
Annotated specifications/markdown/bcoca-reference-11/Chapter_2.md (BCOCA-2): 37 requirements.
Annotated specifications/markdown/bcoca-reference-11/Chapter_3.md (BCOCA-3): 48 requirements.
Annotated specifications/markdown/bcoca-reference-11/Chapter_4.md (BCOCA-4): 861 requirements.
Annotated specifications/markdown/bcoca-reference-11/Chapter_5.md (BCOCA-5): 21 requirements.
Annotated specifications/markdown/bcoca-reference-11/Chapter_6.md (BCOCA-6): 3 requirements.
Annotated specifications/markdown/bcoca-reference-11/Front_Matter.md (BCOCA-FM): 157 requirements.
Annotated specifications/markdown/cmoca-reference-02/Appendix_A.md (CMOCA-A): 47 requirements.
Annotated specifications/markdown/cmoca-reference-02/Appendix_B.md (CMOCA-B): 17 requirements.
Annotated specifications/markdown/cmoca-reference-02/Appendix_C.md (CMOCA-C): 29 requirements.
Annotated specifications/markdown/cmoca-reference-02/Chapter_1.md (CMOCA-1): 63 requirements.
Annotated specifications/markdown/cmoca-reference-02/Chapter_2.md (CMOCA-2): 34 requirements.
Annotated specifications/markdown/cmoca-reference-02/Chapter_3.md (CMOCA-3): 261 requirements.
Annotated specifications/markdown/cmoca-reference-02/Chapter_4.md (CMOCA-4): 133 requirements.
Annotated specifications/markdown/cmoca-reference-02/Chapter_5.md (CMOCA-5): 314 requirements.
Annotated specifications/markdown/cmoca-reference-02/Chapter_6.md (CMOCA-6): 187 requirements.
Annotated specifications/markdown/cmoca-reference-02/Front_Matter.md (CMOCA-FM): 108 requirements.
Annotated specifications/markdown/db2z_12_charbook/Appendix_A.md (DB2Z-A): 6 requirements.
Annotated specifications/markdown/db2z_12_charbook/Appendix_B.md (DB2Z-B): 1 requirements.
Annotated specifications/markdown/db2z_12_charbook/Appendix_C.md (DB2Z-C): 3 requirements.
Annotated specifications/markdown/db2z_12_charbook/Appendix_D.md (DB2Z-D): 1 requirements.
Annotated specifications/markdown/db2z_12_charbook/Appendix_E.md (DB2Z-E): 1 requirements.
Annotated specifications/markdown/db2z_12_charbook/Appendix_F.md (DB2Z-F): 13 requirements.
Annotated specifications/markdown/db2z_12_charbook/Chapter_1.md (DB2Z-1): 175 requirements.
Annotated specifications/markdown/db2z_12_charbook/Chapter_2.md (DB2Z-2): 18 requirements.
Annotated specifications/markdown/db2z_12_charbook/Chapter_3.md (DB2Z-3): 88 requirements.
Annotated specifications/markdown/db2z_12_charbook/Chapter_4.md (DB2Z-4): 64 requirements.
Annotated specifications/markdown/db2z_12_charbook/Chapter_5.md (DB2Z-5): 283 requirements.
Annotated specifications/markdown/db2z_12_charbook/Chapter_6.md (DB2Z-6): 8 requirements.
Annotated specifications/markdown/db2z_12_charbook/Front_Matter.md (DB2Z-FM): 41 requirements.
Annotated specifications/markdown/db2z_12_charbook/Glossary.md (DB2Z-GLO): 1 requirements.
Annotated specifications/markdown/db2z_12_charbook/Index.md (DB2Z-IDX): 5 requirements.
Annotated specifications/markdown/db2z_12_charbook/Notices.md (DB2Z-NOT): 4 requirements.
Annotated specifications/markdown/foca-reference-06/Appendix_A.md (FOCA-A): 30 requirements.
Annotated specifications/markdown/foca-reference-06/Appendix_B.md (FOCA-B): 59 requirements.
Annotated specifications/markdown/foca-reference-06/Appendix_C.md (FOCA-C): 26 requirements.
Annotated specifications/markdown/foca-reference-06/Chapter_1.md (FOCA-1): 37 requirements.
Annotated specifications/markdown/foca-reference-06/Chapter_2.md (FOCA-2): 105 requirements.
Annotated specifications/markdown/foca-reference-06/Chapter_3.md (FOCA-3): 212 requirements.
Annotated specifications/markdown/foca-reference-06/Chapter_4.md (FOCA-4): 105 requirements.
Annotated specifications/markdown/foca-reference-06/Chapter_5.md (FOCA-5): 526 requirements.
Annotated specifications/markdown/foca-reference-06/Chapter_6.md (FOCA-6): 274 requirements.
Annotated specifications/markdown/foca-reference-06/Chapter_7.md (FOCA-7): 17 requirements.
Annotated specifications/markdown/foca-reference-06/Front_Matter.md (FOCA-FM): 112 requirements.
Annotated specifications/markdown/foca-reference-06/Glossary.md (FOCA-GLO): 28 requirements.
Annotated specifications/markdown/ioca-reference-09/Appendix_A.md (IOCA-A): 39 requirements.
Annotated specifications/markdown/ioca-reference-09/Appendix_B.md (IOCA-B): 7 requirements.
Annotated specifications/markdown/ioca-reference-09/Appendix_C.md (IOCA-C): 7 requirements.
Annotated specifications/markdown/ioca-reference-09/Appendix_D.md (IOCA-D): 21 requirements.
Annotated specifications/markdown/ioca-reference-09/Appendix_E.md (IOCA-E): 11 requirements.
Annotated specifications/markdown/ioca-reference-09/Appendix_F.md (IOCA-F): 3 requirements.
Annotated specifications/markdown/ioca-reference-09/Appendix_F_1.md (IOCA-F1): 11 requirements.
Annotated specifications/markdown/ioca-reference-09/Appendix_G.md (IOCA-G): 9 requirements.
Annotated specifications/markdown/ioca-reference-09/Chapter_1.md (IOCA-1): 15 requirements.
Annotated specifications/markdown/ioca-reference-09/Chapter_2.md (IOCA-2): 17 requirements.
Annotated specifications/markdown/ioca-reference-09/Chapter_3.md (IOCA-3): 30 requirements.
Annotated specifications/markdown/ioca-reference-09/Chapter_4.md (IOCA-4): 37 requirements.
Annotated specifications/markdown/ioca-reference-09/Chapter_5.md (IOCA-5): 238 requirements.
Annotated specifications/markdown/ioca-reference-09/Chapter_6.md (IOCA-6): 74 requirements.
Annotated specifications/markdown/ioca-reference-09/Chapter_7.md (IOCA-7): 1068 requirements.
Annotated specifications/markdown/ioca-reference-09/Front_Matter.md (IOCA-FM): 18 requirements.
Annotated specifications/markdown/ioca-reference-09/Glossary.md (IOCA-GLO): 0 requirements.
Annotated specifications/markdown/ioca-reference-09/Index.md (IOCA-IDX): 0 requirements.
Annotated specifications/markdown/ipds-reference-12/Appendix_A.md (IPDS-A): 63 requirements.
Annotated specifications/markdown/ipds-reference-12/Appendix_B.md (IPDS-B): 114 requirements.
Annotated specifications/markdown/ipds-reference-12/Appendix_C.md (IPDS-C): 49 requirements.
Annotated specifications/markdown/ipds-reference-12/Appendix_D.md (IPDS-D): 220 requirements.
Annotated specifications/markdown/ipds-reference-12/Chapter_1.md (IPDS-1): 12 requirements.
Annotated specifications/markdown/ipds-reference-12/Chapter_2.md (IPDS-2): 19 requirements.
Annotated specifications/markdown/ipds-reference-12/Chapter_3.md (IPDS-3): 386 requirements.
Annotated specifications/markdown/ipds-reference-12/Chapter_4.md (IPDS-4): 1962 requirements.
Annotated specifications/markdown/ipds-reference-12/Chapter_5.md (IPDS-5): 118 requirements.
Annotated specifications/markdown/ipds-reference-12/Chapter_6.md (IPDS-6): 98 requirements.
Annotated specifications/markdown/ipds-reference-12/Chapter_7.md (IPDS-7): 195 requirements.
Annotated specifications/markdown/ipds-reference-12/Chapter_8.md (IPDS-8): 156 requirements.
Annotated specifications/markdown/ipds-reference-12/Chapter_9.md (IPDS-9): 81 requirements.
Annotated specifications/markdown/ipds-reference-12/Chapter_10.md (IPDS-10): 277 requirements.
Annotated specifications/markdown/ipds-reference-12/Chapter_11.md (IPDS-11): 17 requirements.
Annotated specifications/markdown/ipds-reference-12/Chapter_12.md (IPDS-12): 31 requirements.
Annotated specifications/markdown/ipds-reference-12/Chapter_13.md (IPDS-13): 11 requirements.
Annotated specifications/markdown/ipds-reference-12/Chapter_14.md (IPDS-14): 335 requirements.
Annotated specifications/markdown/ipds-reference-12/Chapter_15.md (IPDS-15): 492 requirements.
Annotated specifications/markdown/ipds-reference-12/Chapter_16.md (IPDS-16): 1587 requirements.
Annotated specifications/markdown/ipds-reference-12/Chapter_17.md (IPDS-17): 63 requirements.
Annotated specifications/markdown/ipds-reference-12/Front_Matter.md (IPDS-FM): 492 requirements.
Annotated specifications/markdown/linedata-reference-05/Appendix_A.md (LINEDATA-A): 35 requirements.
Annotated specifications/markdown/linedata-reference-05/Appendix_B.md (LINEDATA-B): 102 requirements.
Annotated specifications/markdown/linedata-reference-05/Chapter_1.md (LINEDATA-1): 24 requirements.
Annotated specifications/markdown/linedata-reference-05/Chapter_2.md (LINEDATA-2): 38 requirements.
Annotated specifications/markdown/linedata-reference-05/Chapter_3.md (LINEDATA-3): 84 requirements.
Annotated specifications/markdown/linedata-reference-05/Chapter_4.md (LINEDATA-4): 86 requirements.
Annotated specifications/markdown/linedata-reference-05/Chapter_5.md (LINEDATA-5): 494 requirements.
Annotated specifications/markdown/linedata-reference-05/Front_Matter.md (LINEDATA-FM): 112 requirements.
Annotated specifications/markdown/moca-reference-02/Chapter_1.md (MOCA-1): 70 requirements.
Annotated specifications/markdown/moca-reference-02/Chapter_2.md (MOCA-2): 3 requirements.
Annotated specifications/markdown/moca-reference-02/Chapter_3.md (MOCA-3): 4 requirements.
Annotated specifications/markdown/moca-reference-02/Chapter_4.md (MOCA-4): 38 requirements.
Annotated specifications/markdown/moca-reference-02/Chapter_5.md (MOCA-5): 26 requirements.
Annotated specifications/markdown/moca-reference-02/Chapter_6.md (MOCA-6): 32 requirements.
Annotated specifications/markdown/moca-reference-02/Front_Matter.md (MOCA-FM): 85 requirements.
Annotated specifications/markdown/moca-reference-02/Glossary.md (MOCA-GLO): 104 requirements.
Annotated specifications/markdown/moca-reference-02/Index.md (MOCA-IDX): 53 requirements.
Annotated specifications/markdown/modca-reference-10/Appendix_A.md (MODCA-A): 76 requirements.
Annotated specifications/markdown/modca-reference-10/Appendix_B.md (MODCA-B): 248 requirements.
Annotated specifications/markdown/modca-reference-10/Appendix_C.md (MODCA-C): 361 requirements.
Annotated specifications/markdown/modca-reference-10/Appendix_D.md (MODCA-D): 193 requirements.
Annotated specifications/markdown/modca-reference-10/Appendix_E.md (MODCA-E): 5 requirements.
Annotated specifications/markdown/modca-reference-10/Appendix_F.md (MODCA-F): 29 requirements.
Annotated specifications/markdown/modca-reference-10/Chapter_1.md (MODCA-1): 16 requirements.
Annotated specifications/markdown/modca-reference-10/Chapter_2.md (MODCA-2): 60 requirements.
Annotated specifications/markdown/modca-reference-10/Chapter_3.md (MODCA-3): 211 requirements.
Annotated specifications/markdown/modca-reference-10/Chapter_4.md (MODCA-4): 255 requirements.
Annotated specifications/markdown/modca-reference-10/Chapter_5.md (MODCA-5): 1690 requirements.
Annotated specifications/markdown/modca-reference-10/Chapter_6.md (MODCA-6): 907 requirements.
Annotated specifications/markdown/modca-reference-10/Chapter_7.md (MODCA-7): 273 requirements.
Annotated specifications/markdown/modca-reference-10/Chapter_8.md (MODCA-8): 15 requirements.
Annotated specifications/markdown/modca-reference-10/Front_Matter.md (MODCA-FM): 228 requirements.
Annotated specifications/markdown/modca-reference-10/Glossary.md (MODCA-GLO): 92 requirements.
Annotated specifications/markdown/modca-reference-10/Index.md (MODCA-IDX): 11 requirements.
Annotated specifications/markdown/modca-reference-10/Notices.md (MODCA-NOT): 2 requirements.
Annotated specifications/markdown/ptoca-reference-04/Appendix_A.md (PTOCA-A): 18 requirements.
Annotated specifications/markdown/ptoca-reference-04/Appendix_B.md (PTOCA-B): 56 requirements.
Annotated specifications/markdown/ptoca-reference-04/Appendix_C.md (PTOCA-C): 148 requirements.
Annotated specifications/markdown/ptoca-reference-04/Chapter_1.md (PTOCA-1): 42 requirements.
Annotated specifications/markdown/ptoca-reference-04/Chapter_2.md (PTOCA-2): 10 requirements.
Annotated specifications/markdown/ptoca-reference-04/Chapter_3.md (PTOCA-3): 285 requirements.
Annotated specifications/markdown/ptoca-reference-04/Chapter_4.md (PTOCA-4): 769 requirements.
Annotated specifications/markdown/ptoca-reference-04/Chapter_5.md (PTOCA-5): 71 requirements.
Annotated specifications/markdown/ptoca-reference-04/Chapter_6.md (PTOCA-6): 89 requirements.
Annotated specifications/markdown/ptoca-reference-04/Front_Matter.md (PTOCA-FM): 75 requirements.
Total requirements annotated: 23176
